<?xml version="1.0" encoding="UTF-8"?>
<!-- Generated by org.testng.reporters.JUnitXMLReporter -->
<testsuite ignored="0" hostname="NIKHIL" failures="0" tests="4" name="Test" time="75.654" errors="0" timestamp="2022-09-28T17:39:36 IST">
  <testcase classname="com.cx.tests.ProjectDetailsPageTest" name="GeneralDetailsTabTest" time="26.968"/>
  <testcase classname="com.cx.tests.ProjectDetailsPageTest" name="ProjectDetailsTabTest" time="26.965"/>
  <testcase classname="com.cx.tests.ProjectDetailsPageTest" name="SEODetailsTabTest" time="27.967"/>
  <testcase classname="com.cx.tests.ProjectDetailsPageTest" name="TrackingTabTest" time="19.535"/>
</testsuite> <!-- Test -->
