<?xml version="1.0" encoding="UTF-8"?>
<!-- Generated by org.testng.reporters.JUnitXMLReporter -->
<testsuite ignored="0" hostname="NIKHIL" failures="0" tests="4" name="Test" time="107.514" errors="0" timestamp="2022-09-28T18:46:52 IST">
  <testcase classname="com.cx.tests.ProjectDetailsPageTest" name="ProjectDetailsTabTest" time="35.335"/>
  <testcase classname="com.cx.tests.ProjectDetailsPageTest" name="SEODetailsTabTest" time="39.049"/>
  <testcase classname="com.cx.tests.ProjectDetailsPageTest" name="GeneralDetailsTabTest" time="51.594"/>
  <testcase classname="com.cx.tests.ProjectDetailsPageTest" name="TrackingTabTest" time="19.105"/>
</testsuite> <!-- Test -->
