<?xml version="1.0" encoding="UTF-8"?>
<testng-results ignored="0" total="1" passed="1" failed="0" skipped="0">
  <reporter-output>
  </reporter-output>
  <suite started-at="2022-09-29T15:25:45 IST" name="Suite" finished-at="2022-09-29T15:26:24 IST" duration-ms="38431">
    <groups>
    </groups>
    <test started-at="2022-09-29T15:25:45 IST" name="Test" finished-at="2022-09-29T15:26:24 IST" duration-ms="38431">
      <class name="com.rc.tests.LoginPageTest">
        <test-method is-config="true" signature="setUp([Ljava.lang.Object;)[pri:0, instance:com.rc.tests.LoginPageTest@54c5a2ff]" started-at="2022-09-29T15:25:49 IST" name="setUp" finished-at="2022-09-29T15:26:11 IST" duration-ms="22113" status="PASS">
          <params>
            <param index="0">
              <value>
                <![CDATA[[Ljava.lang.Object;@5bdd5689]]>
              </value>
            </param>
          </params>
          <reporter-output>
          </reporter-output>
        </test-method> <!-- setUp -->
        <test-method signature="LoginLogoutTest(java.util.Map)[pri:0, instance:com.rc.tests.LoginPageTest@54c5a2ff]" started-at="2022-09-29T15:26:11 IST" name="LoginLogoutTest" description="Check Login in to application &amp; Logout successfully" data-provider="getData" finished-at="2022-09-29T15:26:23 IST" duration-ms="12306" status="PASS">
          <params>
            <param index="0">
              <value>
                <![CDATA[{projectname=, keywords=, aboutbusiness=, industry=, testname=LoginLogoutTest, execute=yes, projectwebsite=, password=123456, website1=, headquarter=, website2=, service=, browser=chrome, name=, comment=, website3=, share=, username=nikhil@2stallions.com}]]>
              </value>
            </param>
          </params>
          <reporter-output>
          </reporter-output>
        </test-method> <!-- LoginLogoutTest -->
        <test-method is-config="true" signature="tearDown()[pri:0, instance:com.rc.tests.LoginPageTest@54c5a2ff]" started-at="2022-09-29T15:26:23 IST" name="tearDown" finished-at="2022-09-29T15:26:24 IST" duration-ms="644" status="PASS">
          <reporter-output>
          </reporter-output>
        </test-method> <!-- tearDown -->
      </class> <!-- com.rc.tests.LoginPageTest -->
    </test> <!-- Test -->
  </suite> <!-- Suite -->
</testng-results>
