<?xml version="1.0" encoding="UTF-8"?>
<testng-results ignored="0" total="4" passed="4" failed="0" skipped="0">
  <reporter-output>
  </reporter-output>
  <suite started-at="2022-09-28T17:38:20 IST" name="Suite" finished-at="2022-09-28T17:39:35 IST" duration-ms="75654">
    <groups>
    </groups>
    <test started-at="2022-09-28T17:38:20 IST" name="Test" finished-at="2022-09-28T17:39:35 IST" duration-ms="75654">
      <class name="com.cx.tests.ProjectDetailsPageTest">
        <test-method is-config="true" signature="setUp([Ljava.lang.Object;)[pri:0, instance:com.cx.tests.ProjectDetailsPageTest@644baf4a]" started-at="2022-09-28T17:38:20 IST" name="setUp" finished-at="2022-09-28T17:38:37 IST" duration-ms="16119" status="PASS">
          <params>
            <param index="0">
              <value>
                <![CDATA[[Ljava.lang.Object;@f8f56b9]]>
              </value>
            </param>
          </params>
          <reporter-output>
          </reporter-output>
        </test-method> <!-- setUp -->
        <test-method is-config="true" signature="setUp([Ljava.lang.Object;)[pri:0, instance:com.cx.tests.ProjectDetailsPageTest@644baf4a]" started-at="2022-09-28T17:38:20 IST" name="setUp" finished-at="2022-09-28T17:38:35 IST" duration-ms="14650" status="PASS">
          <params>
            <param index="0">
              <value>
                <![CDATA[[Ljava.lang.Object;@15fa55a6]]>
              </value>
            </param>
          </params>
          <reporter-output>
          </reporter-output>
        </test-method> <!-- setUp -->
        <test-method is-config="true" signature="setUp([Ljava.lang.Object;)[pri:0, instance:com.cx.tests.ProjectDetailsPageTest@644baf4a]" started-at="2022-09-28T17:38:20 IST" name="setUp" finished-at="2022-09-28T17:38:36 IST" duration-ms="15747" status="PASS">
          <params>
            <param index="0">
              <value>
                <![CDATA[[Ljava.lang.Object;@4f186450]]>
              </value>
            </param>
          </params>
          <reporter-output>
          </reporter-output>
        </test-method> <!-- setUp -->
        <test-method signature="GeneralDetailsTabTest(java.util.Map)[pri:0, instance:com.cx.tests.ProjectDetailsPageTest@644baf4a]" started-at="2022-09-28T17:38:35 IST" name="GeneralDetailsTabTest" description="Check enter details in general details update or not" data-provider="getData" finished-at="2022-09-28T17:39:02 IST" duration-ms="26968" status="PASS">
          <params>
            <param index="0">
              <value>
                <![CDATA[{projectname=, keywords=, aboutbusiness=Since 2000, industry=Computer Parts, testname=GeneralDetailsTabTest, execute=yes, projectwebsite=, password=123456, website1=, headquarter=Delhi, website2=, service=Repairing of computers, browser=chrome, name=, comment=, website3=, share=, username=nikhil@2stallions.com}]]>
              </value>
            </param>
          </params>
          <reporter-output>
          </reporter-output>
        </test-method> <!-- GeneralDetailsTabTest -->
        <test-method signature="ProjectDetailsTabTest(java.util.Map)[pri:0, instance:com.cx.tests.ProjectDetailsPageTest@644baf4a]" started-at="2022-09-28T17:38:36 IST" name="ProjectDetailsTabTest" description="Check enter details in project details update or not" data-provider="getData" finished-at="2022-09-28T17:39:03 IST" duration-ms="26965" status="PASS">
          <params>
            <param index="0">
              <value>
                <![CDATA[{projectname=Today Automation Testing, keywords=, aboutbusiness=, industry=, testname=ProjectDetailsTabTest, execute=yes, projectwebsite=www.todayauto.com, password=123456, website1=, headquarter=, website2=, service=, browser=chrome, name=Roger Smith, comment=, website3=, share=, username=nikhil@2stallions.com}]]>
              </value>
            </param>
          </params>
          <reporter-output>
          </reporter-output>
        </test-method> <!-- ProjectDetailsTabTest -->
        <test-method signature="SEODetailsTabTest(java.util.Map)[pri:0, instance:com.cx.tests.ProjectDetailsPageTest@644baf4a]" started-at="2022-09-28T17:38:37 IST" name="SEODetailsTabTest" description="Check enter tab in seodetails update or not" data-provider="getData" finished-at="2022-09-28T17:39:05 IST" duration-ms="27967" status="PASS">
          <params>
            <param index="0">
              <value>
                <![CDATA[{projectname=, keywords=Analysis of computer, aboutbusiness=, industry=, testname=SEODetailsTabTest, execute=yes, projectwebsite=, password=123456, website1=www.123456.com, headquarter=, website2=www.654321.com, service=, browser=chrome, name=, comment=, website3=www.987654.com, share=Nothing much related to computer, username=nikhil@2stallions.com}]]>
              </value>
            </param>
          </params>
          <reporter-output>
          </reporter-output>
        </test-method> <!-- SEODetailsTabTest -->
        <test-method is-config="true" signature="tearDown()[pri:0, instance:com.cx.tests.ProjectDetailsPageTest@644baf4a]" started-at="2022-09-28T17:39:02 IST" name="tearDown" finished-at="2022-09-28T17:39:04 IST" duration-ms="2452" status="PASS">
          <reporter-output>
          </reporter-output>
        </test-method> <!-- tearDown -->
        <test-method is-config="true" signature="tearDown()[pri:0, instance:com.cx.tests.ProjectDetailsPageTest@644baf4a]" started-at="2022-09-28T17:39:03 IST" name="tearDown" finished-at="2022-09-28T17:39:04 IST" duration-ms="1076" status="PASS">
          <reporter-output>
          </reporter-output>
        </test-method> <!-- tearDown -->
        <test-method is-config="true" signature="setUp([Ljava.lang.Object;)[pri:0, instance:com.cx.tests.ProjectDetailsPageTest@644baf4a]" started-at="2022-09-28T17:39:04 IST" name="setUp" finished-at="2022-09-28T17:39:16 IST" duration-ms="11408" status="PASS">
          <params>
            <param index="0">
              <value>
                <![CDATA[[Ljava.lang.Object;@7fab4be7]]>
              </value>
            </param>
          </params>
          <reporter-output>
          </reporter-output>
        </test-method> <!-- setUp -->
        <test-method is-config="true" signature="tearDown()[pri:0, instance:com.cx.tests.ProjectDetailsPageTest@644baf4a]" started-at="2022-09-28T17:39:05 IST" name="tearDown" finished-at="2022-09-28T17:39:14 IST" duration-ms="9817" status="PASS">
          <reporter-output>
          </reporter-output>
        </test-method> <!-- tearDown -->
        <test-method signature="TrackingTabTest(java.util.Map)[pri:0, instance:com.cx.tests.ProjectDetailsPageTest@644baf4a]" started-at="2022-09-28T17:39:16 IST" name="TrackingTabTest" description="Check enter tab in tracking update or not" data-provider="getData" finished-at="2022-09-28T17:39:35 IST" duration-ms="19535" status="PASS">
          <params>
            <param index="0">
              <value>
                <![CDATA[{projectname=, keywords=, aboutbusiness=, industry=, testname=TrackingTabTest, execute=yes, projectwebsite=, password=123456, website1=, headquarter=, website2=, service=, browser=chrome, name=, comment=, website3=, share=, username=nikhil@2stallions.com}]]>
              </value>
            </param>
          </params>
          <reporter-output>
          </reporter-output>
        </test-method> <!-- TrackingTabTest -->
        <test-method is-config="true" signature="tearDown()[pri:0, instance:com.cx.tests.ProjectDetailsPageTest@644baf4a]" started-at="2022-09-28T17:39:35 IST" name="tearDown" finished-at="2022-09-28T17:39:35 IST" duration-ms="247" status="PASS">
          <reporter-output>
          </reporter-output>
        </test-method> <!-- tearDown -->
      </class> <!-- com.cx.tests.ProjectDetailsPageTest -->
    </test> <!-- Test -->
  </suite> <!-- Suite -->
</testng-results>
